{"E:\\belajar\\project_folder\\LATIHANUNPAS\\XAMPP\\htdocs\\jsbackend\\gradePass.js": {"path":"E:\\belajar\\project_folder\\LATIHANUNPAS\\XAMPP\\htdocs\\jsbackend\\gradePass.js","statementMap":{"0":{"start":{"line":23,"column":20},"end":{"line":35,"column":1}},"1":{"start":{"line":24,"column":29},"end":{"line":24,"column":79}},"2":{"start":{"line":24,"column":54},"end":{"line":24,"column":78}},"3":{"start":{"line":26,"column":4},"end":{"line":28,"column":5}},"4":{"start":{"line":27,"column":8},"end":{"line":27,"column":51}},"5":{"start":{"line":30,"column":22},"end":{"line":32,"column":8}},"6":{"start":{"line":31,"column":8},"end":{"line":31,"column":26}},"7":{"start":{"line":34,"column":4},"end":{"line":34,"column":39}},"8":{"start":{"line":37,"column":22},"end":{"line":48,"column":1}},"9":{"start":{"line":38,"column":22},"end":{"line":38,"column":24}},"10":{"start":{"line":39,"column":20},"end":{"line":39,"column":43}},"11":{"start":{"line":41,"column":4},"end":{"line":47,"column":5}},"12":{"start":{"line":42,"column":8},"end":{"line":42,"column":45}},"13":{"start":{"line":43,"column":8},"end":{"line":43,"column":20}},"14":{"start":{"line":45,"column":8},"end":{"line":45,"column":45}},"15":{"start":{"line":46,"column":8},"end":{"line":46,"column":21}},"16":{"start":{"line":50,"column":0},"end":{"line":50,"column":45}}},"fnMap":{"0":{"name":"(anonymous_0)","decl":{"start":{"line":23,"column":20},"end":{"line":23,"column":21}},"loc":{"start":{"line":23,"column":40},"end":{"line":35,"column":1}},"line":23},"1":{"name":"(anonymous_1)","decl":{"start":{"line":24,"column":46},"end":{"line":24,"column":47}},"loc":{"start":{"line":24,"column":54},"end":{"line":24,"column":78}},"line":24},"2":{"name":"(anonymous_2)","decl":{"start":{"line":30,"column":40},"end":{"line":30,"column":41}},"loc":{"start":{"line":30,"column":59},"end":{"line":32,"column":5}},"line":30},"3":{"name":"(anonymous_3)","decl":{"start":{"line":37,"column":22},"end":{"line":37,"column":23}},"loc":{"start":{"line":37,"column":47},"end":{"line":48,"column":1}},"line":37}},"branchMap":{"0":{"loc":{"start":{"line":26,"column":4},"end":{"line":28,"column":5}},"type":"if","locations":[{"start":{"line":26,"column":4},"end":{"line":28,"column":5}},{"start":{},"end":{}}],"line":26},"1":{"loc":{"start":{"line":41,"column":4},"end":{"line":47,"column":5}},"type":"if","locations":[{"start":{"line":41,"column":4},"end":{"line":47,"column":5}},{"start":{"line":44,"column":9},"end":{"line":47,"column":5}}],"line":41}},"s":{"0":1,"1":4,"2":12,"3":4,"4":1,"5":3,"6":10,"7":3,"8":1,"9":2,"10":2,"11":2,"12":1,"13":1,"14":1,"15":1,"16":1},"f":{"0":4,"1":12,"2":10,"3":2},"b":{"0":[1,3],"1":[1,1]},"_coverageSchema":"1a1c01bbd47fc00a2c39e90264f33305004495a9","hash":"3393a49c62b5fd61250c183d78a85a9947d0c17c"}
}
